<?xml version="1.0" encoding="UTF-8"?>
<!-- Generated by org.testng.reporters.JUnitReportReporter -->
<testsuite hostname="HAsLaptop" failures="0" tests="4" name="testScript.LoginTest" time="7.881" errors="0" timestamp="2025-09-12T13:08:28 IST" skipped="0">
  <testcase classname="testScript.LoginTest" name="verifyUserLoginWithValidCredential" time="2.291"/>
  <testcase classname="testScript.LoginTest" name="verifyUserLoginWithInvalidUserNameAndValidPassword" time="1.721"/>
  <testcase classname="testScript.LoginTest" name="verifyUserLoginWithValidUserNameAndInvalidPassword" time="1.712"/>
  <testcase classname="testScript.LoginTest" name="verifyUserLoginWithInvalidCredential" time="2.157"/>
</testsuite> <!-- testScript.LoginTest -->
