<?xml version="1.0" encoding="UTF-8"?>
<!-- Generated by org.testng.reporters.JUnitReportReporter -->
<testsuite hostname="HAsLaptop" failures="0" tests="1" name="testScript.HomeTest" time="2.165" errors="0" timestamp="2025-09-12T13:08:28 IST" skipped="0">
  <testcase classname="testScript.HomeTest" name="verifyUserCanSuccessfullyLogout" time="2.165"/>
</testsuite> <!-- testScript.HomeTest -->
