<?xml version="1.0" encoding="UTF-8"?>
<!-- Generated by org.testng.reporters.JUnitReportReporter -->
<testsuite hostname="HAsLaptop" failures="0" tests="1" name="testScript.ManageNewsTest" time="5.020" errors="0" timestamp="2025-09-08T20:50:27 IST" skipped="0">
  <testcase classname="testScript.ManageNewsTest" name="verifyNewsSearchInManageNewsPage" time="5.020"/>
</testsuite> <!-- testScript.ManageNewsTest -->
