<?xml version="1.0" encoding="UTF-8"?>
<!-- Generated by org.testng.reporters.JUnitReportReporter -->
<testsuite hostname="HAsLaptop" failures="0" tests="1" name="testScript.HomeTest" time="4.810" errors="0" timestamp="2025-09-01T11:00:36 IST" skipped="0">
  <testcase classname="testScript.HomeTest" name="verifyHomeScreenLogout" time="4.810"/>
</testsuite> <!-- testScript.HomeTest -->
