<?xml version="1.0" encoding="UTF-8"?>
<!-- Generated by org.testng.reporters.JUnitReportReporter -->
<testsuite hostname="HAsLaptop" failures="0" tests="3" name="testScript.ManageNewsTest" time="7.903" errors="0" timestamp="2025-09-12T13:08:28 IST" skipped="0">
  <testcase classname="testScript.ManageNewsTest" name="verifyNewNewsCreationInManageNewsPage" time="3.100"/>
  <testcase classname="testScript.ManageNewsTest" name="verifyNewsSearchInManageNewsPage" time="2.501"/>
  <testcase classname="testScript.ManageNewsTest" name="verifyResetButtonInManageNewsPage" time="2.302"/>
</testsuite> <!-- testScript.ManageNewsTest -->
