<?xml version="1.0" encoding="UTF-8"?>
<!-- Generated by org.testng.reporters.JUnitReportReporter -->
<testsuite hostname="HAsLaptop" failures="0" tests="4" name="testScript.LoginTest" time="7.528" errors="0" timestamp="2025-09-11T18:32:59 IST" skipped="0">
  <testcase classname="testScript.LoginTest" name="verifyUserLoginWithValidCredential" time="2.105"/>
  <testcase classname="testScript.LoginTest" name="verifyUserLoginWithInvalidUserNameAndValidPassword" time="1.604"/>
  <testcase classname="testScript.LoginTest" name="verifyUserLoginWithValidUserNameAndInvalidPassword" time="1.780"/>
  <testcase classname="testScript.LoginTest" name="verifyUserLoginWithInvalidCredential" time="2.039"/>
</testsuite> <!-- testScript.LoginTest -->
