<?xml version="1.0" encoding="UTF-8"?>
<!-- Generated by org.testng.reporters.JUnitReportReporter -->
<testsuite hostname="HAsLaptop" failures="0" tests="1" name="testScript.AdminUsersTest" time="7.958" errors="0" timestamp="2025-09-03T13:51:59 IST" skipped="0">
  <testcase classname="testScript.AdminUsersTest" name="verifyNewUserCreationInAdminUsers" time="7.958"/>
</testsuite> <!-- testScript.AdminUsersTest -->
