<?xml version="1.0" encoding="UTF-8"?>
<!-- Generated by org.testng.reporters.JUnitReportReporter -->
<testsuite hostname="HAsLaptop" failures="0" tests="3" name="testScript.ManageNewsTest" time="7.199" errors="0" timestamp="2025-09-11T18:32:59 IST" skipped="0">
  <testcase classname="testScript.ManageNewsTest" name="verifyNewNewsCreationInManageNewsPage" time="2.767"/>
  <testcase classname="testScript.ManageNewsTest" name="verifyNewsSearchInManageNewsPage" time="2.278"/>
  <testcase classname="testScript.ManageNewsTest" name="verifyResetButtonInManageNewsPage" time="2.154"/>
</testsuite> <!-- testScript.ManageNewsTest -->
