<?xml version="1.0" encoding="UTF-8"?>
<!-- Generated by org.testng.reporters.JUnitReportReporter -->
<testsuite hostname="HAsLaptop" failures="0" tests="1" name="testScript.AdminUsersTest" time="4.872" errors="0" timestamp="2025-09-08T20:51:15 IST" skipped="0">
  <testcase classname="testScript.AdminUsersTest" name="verifySearchingNewlyCreatedUser" time="4.872"/>
</testsuite> <!-- testScript.AdminUsersTest -->
