<?xml version="1.0" encoding="UTF-8"?>
<!-- Generated by org.testng.reporters.JUnitReportReporter -->
<testsuite hostname="HAsLaptop" failures="0" tests="1" name="testScript.AdminUsersTest" time="11.685" errors="0" timestamp="2025-09-04T14:32:30 IST" skipped="0">
  <testcase classname="testScript.AdminUsersTest" name="verifyNewUserCreationInAdminUsers" time="11.685"/>
</testsuite> <!-- testScript.AdminUsersTest -->
