<?xml version="1.0" encoding="UTF-8"?>
<!-- Generated by org.testng.reporters.JUnitReportReporter -->
<testsuite hostname="HAsLaptop" failures="0" tests="1" name="testScript.ManageNewsTest" time="6.624" errors="0" timestamp="2025-09-09T12:57:45 IST" skipped="0">
  <testcase classname="testScript.ManageNewsTest" name="verifyNewNewsCreationInManageNewsPage" time="6.624"/>
</testsuite> <!-- testScript.ManageNewsTest -->
