<?xml version="1.0" encoding="UTF-8"?>
<!-- Generated by org.testng.reporters.JUnitReportReporter -->
<testsuite hostname="HAsLaptop" failures="0" tests="3" name="testScript.AdminUsersTest" time="7.089" errors="0" timestamp="2025-09-11T18:32:59 IST" skipped="1">
  <testcase classname="testScript.AdminUsersTest" name="verifyNewUserCreationInAdminUsersPage" time="2.586"/>
  <testcase classname="testScript.AdminUsersTest" name="verifySearchingNewlyCreatedUser" time="2.292"/>
  <testcase classname="testScript.AdminUsersTest" name="verifySearchingNewlyCreatedUser" time="2.211">
    <skipped/>
  </testcase> <!-- verifySearchingNewlyCreatedUser -->
</testsuite> <!-- testScript.AdminUsersTest -->
