<?xml version="1.0" encoding="UTF-8"?>
<!-- Generated by org.testng.reporters.JUnitReportReporter -->
<testsuite hostname="HAsLaptop" failures="0" tests="1" name="testScript.AdminUsersTest" time="3.224" errors="0" timestamp="2025-09-01T14:44:31 IST" skipped="0">
  <testcase classname="testScript.AdminUsersTest" name="verifySearchingNewlyCreatedUser" time="3.224"/>
</testsuite> <!-- testScript.AdminUsersTest -->
