<?xml version="1.0" encoding="UTF-8"?>
<!-- Generated by org.testng.reporters.JUnitReportReporter -->
<testsuite hostname="HAsLaptop" failures="0" tests="4" name="testScript.LoginTest" time="9.610" errors="0" timestamp="2025-09-01T11:04:49 IST" skipped="0">
  <testcase classname="testScript.LoginTest" name="verifyUserLoginWithValidUserNameAndInvalidPassword" time="2.045"/>
  <testcase classname="testScript.LoginTest" name="verifyUserLoginWithInvalidCredential" time="3.513"/>
  <testcase classname="testScript.LoginTest" name="verifyUserLoginWithInvalidUserNameAndValidPassword" time="2.023"/>
  <testcase classname="testScript.LoginTest" name="verifyUserLoginWithValidCredential" time="2.029"/>
</testsuite> <!-- testScript.LoginTest -->
