<?xml version="1.0" encoding="UTF-8"?>
<!-- Generated by org.testng.reporters.JUnitReportReporter -->
<testsuite hostname="HAsLaptop" failures="0" tests="1" name="testScript.LoginTest" time="5.633" errors="0" timestamp="2025-09-03T17:51:50 IST" skipped="0">
  <testcase classname="testScript.LoginTest" name="verifyUserLoginWithValidCredential" time="5.633"/>
</testsuite> <!-- testScript.LoginTest -->
